<?xml version="1.0" encoding="UTF-8"?>
<!-- Generated by org.testng.reporters.JUnitXMLReporter -->
<testsuite ignored="0" hostname="LAPTOP-CQAE32CK" failures="1" tests="3" name="Test" time="12.785" errors="0" timestamp="2023-09-07T16:10:57 IST">
  <testcase classname="allureReport.Testes" name="logoPresence" time="0.34"/>
  <testcase classname="allureReport.Testes" name="LoginTest" time="2.543">
    <failure type="java.lang.AssertionError" message="expected [nopCommerce demo store12] but found [nopCommerce demo store. Login]">
      <![CDATA[java.lang.AssertionError: expected [nopCommerce demo store12] but found [nopCommerce demo store. Login]
at allureReport.Testes.LoginTest(Testes.java:81)
at java.base/java.util.ArrayList.forEach(ArrayList.java:1511)
... Removed 33 stack frames]]>
    </failure>
  </testcase> <!-- LoginTest -->
  <testcase classname="allureReport.Testes" name="registration" time="0.021">
    <skipped/>
  </testcase> <!-- registration -->
</testsuite> <!-- Test -->
